<?xml version="1.0" encoding="UTF-8"?><testsuite errors="0" failures="0" name="in.co.gorest.gorestapiInfo.UserCRUDTest" skipped="0" tests="4" time="11.01" timestamp="2022-06-24T10:15:07.628+01:00[Europe/London]"><testcase classname="in.co.gorest.gorestapiInfo.UserCRUDTest" name="This will create a new User"/><testcase classname="in.co.gorest.gorestapiInfo.UserCRUDTest" name="This will Fetch user by ID"/><testcase classname="in.co.gorest.gorestapiInfo.UserCRUDTest" name="This will Fetch user by ID"/><testcase classname="in.co.gorest.gorestapiInfo.UserCRUDTest" name="This will Delete user by ID"/></testsuite>